<?xml version="1.0" encoding="UTF-8"?>
<testng-results skipped="0" failed="0" ignored="0" total="1" passed="1">
  <reporter-output>
  </reporter-output>
  <suite name="Default suite" duration-ms="11083" started-at="2017-09-15T10:10:13Z" finished-at="2017-09-15T10:10:24Z">
    <groups>
    </groups>
    <test name="Default test" duration-ms="11083" started-at="2017-09-15T10:10:13Z" finished-at="2017-09-15T10:10:24Z">
      <class name="com.allam.automationgit.Testjunit">
        <test-method status="PASS" signature="sampletest()[pri:0, instance:com.allam.automationgit.Testjunit@6a41eaa2]" name="sampletest" duration-ms="11056" started-at="2017-09-15T15:40:13Z" finished-at="2017-09-15T15:40:24Z">
          <reporter-output>
          </reporter-output>
        </test-method> <!-- sampletest -->
      </class> <!-- com.allam.automationgit.Testjunit -->
    </test> <!-- Default test -->
  </suite> <!-- Default suite -->
</testng-results>
