<?xml version="1.0" encoding="UTF-8"?>
<testng-results skipped="0" failed="0" total="1" passed="1">
  <reporter-output>
  </reporter-output>
  <suite name="Default suite" duration-ms="1045" started-at="2017-09-15T11:37:31Z" finished-at="2017-09-15T11:37:32Z">
    <groups>
    </groups>
    <test name="Default test" duration-ms="1045" started-at="2017-09-15T11:37:31Z" finished-at="2017-09-15T11:37:32Z">
      <class name="com.allam.automationgit.Testjunit">
        <test-method status="PASS" signature="readexcel()[pri:0, instance:com.allam.automationgit.Testjunit@5b275dab]" name="readexcel" duration-ms="1022" started-at="2017-09-15T17:07:31Z" finished-at="2017-09-15T17:07:32Z">
          <reporter-output>
          </reporter-output>
        </test-method> <!-- readexcel -->
      </class> <!-- com.allam.automationgit.Testjunit -->
    </test> <!-- Default test -->
  </suite> <!-- Default suite -->
</testng-results>
